[PM2] Starting /home/hzh/mainpro/gateway/fiscogateway/oraclegate2/ethgateway/bin/www.js in fork_mode (1 instance)
[PM2] Done.
┌─────┬───────────┬─────────────┬─────────┬─────────┬──────────┬────────┬──────┬───────────┬──────────┬──────────┬──────────┬──────────┐
│ id  │ name      │ namespace   │ version │ mode    │ pid      │ uptime │ ↺    │ status    │ cpu      │ mem      │ user     │ watching │
├─────┼───────────┼─────────────┼─────────┼─────────┼──────────┼────────┼──────┼───────────┼──────────┼──────────┼──────────┼──────────┤
│ 0   │ oracle    │ default     │ 0.1.0   │ fork    │ 2945258  │ 101s   │ 0    │ online    │ 0%       │ 98.2mb   │ hzh      │ disabled │
│ 3   │ oracle    │ default     │ 0.1.0   │ fork    │ 2945965  │ 0s     │ 0    │ online    │ 300%     │ 47.3mb   │ hzh      │ disabled │
│ 4   │ oracle    │ default     │ 0.1.0   │ fork    │ 2945971  │ 0s     │ 0    │ online    │ 200%     │ 45.4mb   │ hzh      │ disabled │
│ 6   │ oracle    │ default     │ 0.1.0   │ fork    │ 2945988  │ 0s     │ 0    │ online    │ 0%       │ 40.0mb   │ hzh      │ disabled │
│ 1   │ www       │ default     │ 0.1.0   │ fork    │ 2945259  │ 101s   │ 0    │ online    │ 0%       │ 98.4mb   │ hzh      │ disabled │
│ 2   │ www       │ default     │ 0.1.0   │ fork    │ 2945964  │ 0s     │ 0    │ online    │ 300%     │ 48.4mb   │ hzh      │ disabled │
│ 5   │ www       │ default     │ 0.1.0   │ fork    │ 2945986  │ 0s     │ 0    │ online    │ 0%       │ 40.8mb   │ hzh      │ disabled │
│ 7   │ www       │ default     │ 0.1.0   │ fork    │ 2945994  │ 0s     │ 0    │ online    │ 0%       │ 35.6mb   │ hzh      │ disabled │
└─────┴───────────┴─────────────┴─────────┴─────────┴──────────┴────────┴──────┴───────────┴──────────┴──────────┴──────────┴──────────┘
[PM2] Starting /home/hzh/mainpro/gateway/fiscogateway/oraclegate2/ethgateway/bin/www.js in fork_mode (1 instance)
[PM2] Done.
┌─────┬───────────┬─────────────┬─────────┬─────────┬──────────┬────────┬──────┬───────────┬──────────┬──────────┬──────────┬──────────┐
│ id  │ name      │ namespace   │ version │ mode    │ pid      │ uptime │ ↺    │ status    │ cpu      │ mem      │ user     │ watching │
├─────┼───────────┼─────────────┼─────────┼─────────┼──────────┼────────┼──────┼───────────┼──────────┼──────────┼──────────┼──────────┤
│ 1   │ oracle    │ default     │ 0.1.0   │ fork    │ 2948371  │ 0s     │ 0    │ online    │ 0%       │ 41.5mb   │ hzh      │ disabled │
│ 0   │ www       │ default     │ 0.1.0   │ fork    │ 2948365  │ 0s     │ 0    │ online    │ 0%       │ 41.9mb   │ hzh      │ disabled │
└─────┴───────────┴─────────────┴─────────┴─────────┴──────────┴────────┴──────┴───────────┴──────────┴──────────┴──────────┴──────────┘
[PM2] Starting /home/hzh/mainpro/gateway/fiscogateway/oraclegate2/ethgateway/bin/www.js in fork_mode (1 instance)
[PM2] Done.
┌─────┬───────────┬─────────────┬─────────┬─────────┬──────────┬────────┬──────┬───────────┬──────────┬──────────┬──────────┬──────────┐
│ id  │ name      │ namespace   │ version │ mode    │ pid      │ uptime │ ↺    │ status    │ cpu      │ mem      │ user     │ watching │
├─────┼───────────┼─────────────┼─────────┼─────────┼──────────┼────────┼──────┼───────────┼──────────┼──────────┼──────────┼──────────┤
│ 0   │ oracle    │ default     │ 0.1.0   │ fork    │ 2949714  │ 0s     │ 0    │ online    │ 200%     │ 42.5mb   │ hzh      │ disabled │
│ 2   │ oracle    │ default     │ 0.1.0   │ fork    │ 2949721  │ 0s     │ 0    │ online    │ 100%     │ 41.9mb   │ hzh      │ disabled │
│ 4   │ oracle    │ default     │ 0.1.0   │ fork    │ 2949739  │ 0s     │ 0    │ online    │ 100%     │ 36.2mb   │ hzh      │ disabled │
│ 1   │ www       │ default     │ 0.1.0   │ fork    │ 2949715  │ 0s     │ 0    │ online    │ 100%     │ 42.6mb   │ hzh      │ disabled │
│ 3   │ www       │ default     │ 0.1.0   │ fork    │ 2949727  │ 0s     │ 0    │ online    │ 100%     │ 41.5mb   │ hzh      │ disabled │
│ 5   │ www       │ default     │ 0.1.0   │ fork    │ 2949741  │ 0s     │ 0    │ online    │ 0%       │ 32.3mb   │ hzh      │ disabled │
└─────┴───────────┴─────────────┴─────────┴─────────┴──────────┴────────┴──────┴───────────┴──────────┴──────────┴──────────┴──────────┘
[PM2] Starting /home/hzh/mainpro/gateway/fiscogateway/oraclegate2/ethgateway/bin/www.js in fork_mode (1 instance)
[PM2] Done.
┌─────┬───────────┬─────────────┬─────────┬─────────┬──────────┬────────┬──────┬───────────┬──────────┬──────────┬──────────┬──────────┐
│ id  │ name      │ namespace   │ version │ mode    │ pid      │ uptime │ ↺    │ status    │ cpu      │ mem      │ user     │ watching │
├─────┼───────────┼─────────────┼─────────┼─────────┼──────────┼────────┼──────┼───────────┼──────────┼──────────┼──────────┼──────────┤
│ 2   │ oracle    │ default     │ 0.1.0   │ fork    │ 2950601  │ 0s     │ 0    │ online    │ 87.5%    │ 47.7mb   │ hzh      │ disabled │
│ 3   │ oracle    │ default     │ 0.1.0   │ fork    │ 2950608  │ 0s     │ 0    │ online    │ 87.5%    │ 46.7mb   │ hzh      │ disabled │
│ 5   │ oracle    │ default     │ 0.1.0   │ fork    │ 2950623  │ 0s     │ 0    │ online    │ 0%       │ 40.1mb   │ hzh      │ disabled │
│ 0   │ www       │ default     │ 0.1.0   │ fork    │ 2950594  │ 0s     │ 0    │ online    │ 100%     │ 48.1mb   │ hzh      │ disabled │
│ 1   │ www       │ default     │ 0.1.0   │ fork    │ 2950600  │ 0s     │ 0    │ online    │ 87.5%    │ 48.7mb   │ hzh      │ disabled │
│ 4   │ www       │ default     │ 0.1.0   │ fork    │ 2950621  │ 0s     │ 0    │ online    │ 0%       │ 42.0mb   │ hzh      │ disabled │
└─────┴───────────┴─────────────┴─────────┴─────────┴──────────┴────────┴──────┴───────────┴──────────┴──────────┴──────────┴──────────┘
[PM2] Starting /home/hzh/mainpro/gateway/fiscogateway/oraclegate2/ethgateway/bin/www.js in fork_mode (1 instance)
[PM2] Done.
┌─────┬───────────┬─────────────┬─────────┬─────────┬──────────┬────────┬──────┬───────────┬──────────┬──────────┬──────────┬──────────┐
│ id  │ name      │ namespace   │ version │ mode    │ pid      │ uptime │ ↺    │ status    │ cpu      │ mem      │ user     │ watching │
├─────┼───────────┼─────────────┼─────────┼─────────┼──────────┼────────┼──────┼───────────┼──────────┼──────────┼──────────┼──────────┤
│ 1   │ oracle    │ default     │ 0.1.0   │ fork    │ 2951238  │ 0s     │ 0    │ online    │ 0%       │ 33.5mb   │ hzh      │ disabled │
│ 0   │ www       │ default     │ 0.1.0   │ fork    │ 2951228  │ 0s     │ 0    │ online    │ 0%       │ 42.5mb   │ hzh      │ disabled │
│ 2   │ www       │ default     │ 0.1.0   │ fork    │ 2951239  │ 0s     │ 0    │ online    │ 0%       │ 26.1mb   │ hzh      │ disabled │
└─────┴───────────┴─────────────┴─────────┴─────────┴──────────┴────────┴──────┴───────────┴──────────┴──────────┴──────────┴──────────┘
[PM2] Starting /home/hzh/mainpro/gateway/fiscogateway/oraclegate2/ethgateway/bin/www.js in fork_mode (1 instance)
[PM2] Done.
┌─────┬───────────┬─────────────┬─────────┬─────────┬──────────┬────────┬──────┬───────────┬──────────┬──────────┬──────────┬──────────┐
│ id  │ name      │ namespace   │ version │ mode    │ pid      │ uptime │ ↺    │ status    │ cpu      │ mem      │ user     │ watching │
├─────┼───────────┼─────────────┼─────────┼─────────┼──────────┼────────┼──────┼───────────┼──────────┼──────────┼──────────┼──────────┤
│ 2   │ oracle    │ default     │ 0.1.0   │ fork    │ 3026206  │ 0s     │ 0    │ online    │ 100%     │ 49.2mb   │ hzh      │ disabled │
│ 4   │ oracle    │ default     │ 0.1.0   │ fork    │ 3026226  │ 0s     │ 0    │ online    │ 133.3%   │ 46.7mb   │ hzh      │ disabled │
│ 5   │ oracle    │ default     │ 0.1.0   │ fork    │ 3026233  │ 0s     │ 0    │ online    │ 100%     │ 45.4mb   │ hzh      │ disabled │
│ 6   │ oracle    │ default     │ 0.1.0   │ fork    │ 3026234  │ 0s     │ 0    │ online    │ 100%     │ 42.4mb   │ hzh      │ disabled │
│ 0   │ www       │ default     │ 0.1.0   │ fork    │ 3026199  │ 0s     │ 0    │ online    │ 100%     │ 49.8mb   │ hzh      │ disabled │
│ 1   │ www       │ default     │ 0.1.0   │ fork    │ 3026200  │ 0s     │ 0    │ online    │ 100%     │ 49.1mb   │ hzh      │ disabled │
│ 3   │ www       │ default     │ 0.1.0   │ fork    │ 3026217  │ 0s     │ 0    │ online    │ 133.3%   │ 48.7mb   │ hzh      │ disabled │
│ 7   │ www       │ default     │ 0.1.0   │ fork    │ 3026240  │ 0s     │ 0    │ online    │ 100%     │ 41.5mb   │ hzh      │ disabled │
└─────┴───────────┴─────────────┴─────────┴─────────┴──────────┴────────┴──────┴───────────┴──────────┴──────────┴──────────┴──────────┘
[PM2] Starting /home/hzh/mainpro/gateway/fiscogateway/oraclegate2/ethgateway/bin/www.js in fork_mode (1 instance)
[PM2] Done.
┌─────┬───────────┬─────────────┬─────────┬─────────┬──────────┬────────┬──────┬───────────┬──────────┬──────────┬──────────┬──────────┐
│ id  │ name      │ namespace   │ version │ mode    │ pid      │ uptime │ ↺    │ status    │ cpu      │ mem      │ user     │ watching │
├─────┼───────────┼─────────────┼─────────┼─────────┼──────────┼────────┼──────┼───────────┼──────────┼──────────┼──────────┼──────────┤
│ 0   │ oracle    │ default     │ 0.1.0   │ fork    │ 3027777  │ 0s     │ 0    │ online    │ 0%       │ 41.4mb   │ hzh      │ disabled │
│ 1   │ oracle    │ default     │ 0.1.0   │ fork    │ 3027778  │ 0s     │ 0    │ online    │ 0%       │ 40.1mb   │ hzh      │ disabled │
│ 2   │ www       │ default     │ 0.1.0   │ fork    │ 3027789  │ 0s     │ 0    │ online    │ 100%     │ 34.2mb   │ hzh      │ disabled │
│ 3   │ www       │ default     │ 0.1.0   │ fork    │ 3027790  │ 0s     │ 0    │ online    │ 0%       │ 30.7mb   │ hzh      │ disabled │
└─────┴───────────┴─────────────┴─────────┴─────────┴──────────┴────────┴──────┴───────────┴──────────┴──────────┴──────────┴──────────┘
[PM2] Starting /home/hzh/mainpro/gateway/fiscogateway/oraclegate2/ethgateway/bin/www.js in fork_mode (1 instance)
[PM2] Done.
┌─────┬───────────┬─────────────┬─────────┬─────────┬──────────┬────────┬──────┬───────────┬──────────┬──────────┬──────────┬──────────┐
│ id  │ name      │ namespace   │ version │ mode    │ pid      │ uptime │ ↺    │ status    │ cpu      │ mem      │ user     │ watching │
├─────┼───────────┼─────────────┼─────────┼─────────┼──────────┼────────┼──────┼───────────┼──────────┼──────────┼──────────┼──────────┤
│ 2   │ oracle    │ default     │ 0.1.0   │ fork    │ 3358912  │ 0s     │ 0    │ online    │ 0%       │ 42.5mb   │ hzh      │ disabled │
│ 3   │ oracle    │ default     │ 0.1.0   │ fork    │ 3358918  │ 0s     │ 0    │ online    │ 0%       │ 41.9mb   │ hzh      │ disabled │
│ 6   │ oracle    │ default     │ 0.1.0   │ fork    │ 3358939  │ 0s     │ 0    │ online    │ 0%       │ 33.8mb   │ hzh      │ disabled │
│ 7   │ oracle    │ default     │ 0.1.0   │ fork    │ 3358945  │ 0s     │ 0    │ online    │ 0%       │ 30.2mb   │ hzh      │ disabled │
│ 0   │ www       │ default     │ 0.1.0   │ fork    │ 3358902  │ 0s     │ 0    │ online    │ 0%       │ 48.5mb   │ hzh      │ disabled │
│ 1   │ www       │ default     │ 0.1.0   │ fork    │ 3358910  │ 0s     │ 0    │ online    │ 0%       │ 45.4mb   │ hzh      │ disabled │
│ 4   │ www       │ default     │ 0.1.0   │ fork    │ 3358930  │ 0s     │ 0    │ online    │ 0%       │ 40.0mb   │ hzh      │ disabled │
│ 5   │ www       │ default     │ 0.1.0   │ fork    │ 3358932  │ 0s     │ 0    │ online    │ 0%       │ 36.2mb   │ hzh      │ disabled │
└─────┴───────────┴─────────────┴─────────┴─────────┴──────────┴────────┴──────┴───────────┴──────────┴──────────┴──────────┴──────────┘
[PM2][ERROR] Script already launched, add -f option to force re-execution
[PM2] Starting /home/hzh/mainpro/gateway/fiscogateway/oraclegate2/ethgateway/bin/www.js in fork_mode (1 instance)
[PM2] Done.
┌─────┬───────────┬─────────────┬─────────┬─────────┬──────────┬────────┬──────┬───────────┬──────────┬──────────┬──────────┬──────────┐
│ id  │ name      │ namespace   │ version │ mode    │ pid      │ uptime │ ↺    │ status    │ cpu      │ mem      │ user     │ watching │
├─────┼───────────┼─────────────┼─────────┼─────────┼──────────┼────────┼──────┼───────────┼──────────┼──────────┼──────────┼──────────┤
│ 2   │ oracle    │ default     │ 0.1.0   │ fork    │ 3365275  │ 0s     │ 0    │ online    │ 0%       │ 35.8mb   │ hzh      │ disabled │
│ 0   │ www       │ default     │ 0.1.0   │ fork    │ 3365268  │ 0s     │ 0    │ online    │ 0%       │ 40.8mb   │ hzh      │ disabled │
│ 1   │ www       │ default     │ 0.1.0   │ fork    │ 3365269  │ 0s     │ 0    │ online    │ 0%       │ 40.1mb   │ hzh      │ disabled │
└─────┴───────────┴─────────────┴─────────┴─────────┴──────────┴────────┴──────┴───────────┴──────────┴──────────┴──────────┴──────────┘
