[PM2] Starting /home/hzh/mainpro/gateway/fiscogateway/oraclegate1/ethgateway/bin/oracle.js in fork_mode (1 instance)
[PM2] Done.
┌─────┬───────────┬─────────────┬─────────┬─────────┬──────────┬────────┬──────┬───────────┬──────────┬──────────┬──────────┬──────────┐
│ id  │ name      │ namespace   │ version │ mode    │ pid      │ uptime │ ↺    │ status    │ cpu      │ mem      │ user     │ watching │
├─────┼───────────┼─────────────┼─────────┼─────────┼──────────┼────────┼──────┼───────────┼──────────┼──────────┼──────────┼──────────┤
│ 0   │ oracle    │ default     │ 0.1.0   │ fork    │ 2945258  │ 101s   │ 0    │ online    │ 0%       │ 98.2mb   │ hzh      │ disabled │
│ 3   │ oracle    │ default     │ 0.1.0   │ fork    │ 2945965  │ 0s     │ 0    │ online    │ 0%       │ 32.5mb   │ hzh      │ disabled │
│ 4   │ oracle    │ default     │ 0.1.0   │ fork    │ 2945971  │ 0s     │ 0    │ online    │ 0%       │ 24.1mb   │ hzh      │ disabled │
│ 1   │ www       │ default     │ 0.1.0   │ fork    │ 2945259  │ 101s   │ 0    │ online    │ 0%       │ 98.4mb   │ hzh      │ disabled │
│ 2   │ www       │ default     │ 0.1.0   │ fork    │ 2945964  │ 0s     │ 0    │ online    │ 0%       │ 35.9mb   │ hzh      │ disabled │
└─────┴───────────┴─────────────┴─────────┴─────────┴──────────┴────────┴──────┴───────────┴──────────┴──────────┴──────────┴──────────┘
[PM2] Starting /home/hzh/mainpro/gateway/fiscogateway/oraclegate1/ethgateway/bin/oracle.js in fork_mode (1 instance)
[PM2] Done.
┌─────┬───────────┬─────────────┬─────────┬─────────┬──────────┬────────┬──────┬───────────┬──────────┬──────────┬──────────┬──────────┐
│ id  │ name      │ namespace   │ version │ mode    │ pid      │ uptime │ ↺    │ status    │ cpu      │ mem      │ user     │ watching │
├─────┼───────────┼─────────────┼─────────┼─────────┼──────────┼────────┼──────┼───────────┼──────────┼──────────┼──────────┼──────────┤
│ 1   │ oracle    │ default     │ 0.1.0   │ fork    │ 2948371  │ 0s     │ 0    │ online    │ 0%       │ 49.8mb   │ hzh      │ disabled │
│ 4   │ oracle    │ default     │ 0.1.0   │ fork    │ 2948393  │ 0s     │ 0    │ online    │ 0%       │ 42.5mb   │ hzh      │ disabled │
│ 6   │ oracle    │ default     │ 0.1.0   │ fork    │ 2948402  │ 0s     │ 0    │ online    │ 0%       │ 40.1mb   │ hzh      │ disabled │
│ 0   │ www       │ default     │ 0.1.0   │ fork    │ 2948365  │ 0s     │ 0    │ online    │ 0%       │ 49.9mb   │ hzh      │ disabled │
│ 2   │ www       │ default     │ 0.1.0   │ fork    │ 2948377  │ 0s     │ 0    │ online    │ 0%       │ 49.0mb   │ hzh      │ disabled │
│ 3   │ www       │ default     │ 0.1.0   │ fork    │ 2948379  │ 0s     │ 0    │ online    │ 0%       │ 48.6mb   │ hzh      │ disabled │
│ 5   │ www       │ default     │ 0.1.0   │ fork    │ 2948401  │ 0s     │ 0    │ online    │ 0%       │ 41.4mb   │ hzh      │ disabled │
└─────┴───────────┴─────────────┴─────────┴─────────┴──────────┴────────┴──────┴───────────┴──────────┴──────────┴──────────┴──────────┘
[PM2] Starting /home/hzh/mainpro/gateway/fiscogateway/oraclegate1/ethgateway/bin/oracle.js in fork_mode (1 instance)
[PM2] Done.
┌─────┬───────────┬─────────────┬─────────┬─────────┬──────────┬────────┬──────┬───────────┬──────────┬──────────┬──────────┬──────────┐
│ id  │ name      │ namespace   │ version │ mode    │ pid      │ uptime │ ↺    │ status    │ cpu      │ mem      │ user     │ watching │
├─────┼───────────┼─────────────┼─────────┼─────────┼──────────┼────────┼──────┼───────────┼──────────┼──────────┼──────────┼──────────┤
│ 0   │ oracle    │ default     │ 0.1.0   │ fork    │ 2949714  │ 0s     │ 0    │ online    │ 0%       │ 42.5mb   │ hzh      │ disabled │
│ 2   │ oracle    │ default     │ 0.1.0   │ fork    │ 2949721  │ 0s     │ 0    │ online    │ 0%       │ 40.7mb   │ hzh      │ disabled │
│ 4   │ oracle    │ default     │ 0.1.0   │ fork    │ 2949739  │ 0s     │ 0    │ online    │ 0%       │ 35.5mb   │ hzh      │ disabled │
│ 1   │ www       │ default     │ 0.1.0   │ fork    │ 2949715  │ 0s     │ 0    │ online    │ 0%       │ 42.0mb   │ hzh      │ disabled │
│ 3   │ www       │ default     │ 0.1.0   │ fork    │ 2949727  │ 0s     │ 0    │ online    │ 0%       │ 40.1mb   │ hzh      │ disabled │
│ 5   │ www       │ default     │ 0.1.0   │ fork    │ 2949741  │ 0s     │ 0    │ online    │ 0%       │ 31.0mb   │ hzh      │ disabled │
└─────┴───────────┴─────────────┴─────────┴─────────┴──────────┴────────┴──────┴───────────┴──────────┴──────────┴──────────┴──────────┘
[PM2] Starting /home/hzh/mainpro/gateway/fiscogateway/oraclegate1/ethgateway/bin/oracle.js in fork_mode (1 instance)
[PM2] Done.
┌─────┬───────────┬─────────────┬─────────┬─────────┬──────────┬────────┬──────┬───────────┬──────────┬──────────┬──────────┬──────────┐
│ id  │ name      │ namespace   │ version │ mode    │ pid      │ uptime │ ↺    │ status    │ cpu      │ mem      │ user     │ watching │
├─────┼───────────┼─────────────┼─────────┼─────────┼──────────┼────────┼──────┼───────────┼──────────┼──────────┼──────────┼──────────┤
│ 2   │ oracle    │ default     │ 0.1.0   │ fork    │ 2950601  │ 0s     │ 0    │ online    │ 0%       │ 47.7mb   │ hzh      │ disabled │
│ 3   │ oracle    │ default     │ 0.1.0   │ fork    │ 2950608  │ 0s     │ 0    │ online    │ 0%       │ 46.7mb   │ hzh      │ disabled │
│ 5   │ oracle    │ default     │ 0.1.0   │ fork    │ 2950623  │ 0s     │ 0    │ online    │ 0%       │ 40.8mb   │ hzh      │ disabled │
│ 7   │ oracle    │ default     │ 0.1.0   │ fork    │ 2950636  │ 0s     │ 0    │ online    │ 0%       │ 30.7mb   │ hzh      │ disabled │
│ 0   │ www       │ default     │ 0.1.0   │ fork    │ 2950594  │ 0s     │ 0    │ online    │ 0%       │ 48.4mb   │ hzh      │ disabled │
│ 1   │ www       │ default     │ 0.1.0   │ fork    │ 2950600  │ 0s     │ 0    │ online    │ 0%       │ 48.7mb   │ hzh      │ disabled │
│ 4   │ www       │ default     │ 0.1.0   │ fork    │ 2950621  │ 0s     │ 0    │ online    │ 0%       │ 42.0mb   │ hzh      │ disabled │
│ 6   │ www       │ default     │ 0.1.0   │ fork    │ 2950634  │ 0s     │ 0    │ online    │ 0%       │ 35.2mb   │ hzh      │ disabled │
└─────┴───────────┴─────────────┴─────────┴─────────┴──────────┴────────┴──────┴───────────┴──────────┴──────────┴──────────┴──────────┘
[PM2] Starting /home/hzh/mainpro/gateway/fiscogateway/oraclegate1/ethgateway/bin/oracle.js in fork_mode (1 instance)
[PM2] Done.
┌─────┬───────────┬─────────────┬─────────┬─────────┬──────────┬────────┬──────┬───────────┬──────────┬──────────┬──────────┬──────────┐
│ id  │ name      │ namespace   │ version │ mode    │ pid      │ uptime │ ↺    │ status    │ cpu      │ mem      │ user     │ watching │
├─────┼───────────┼─────────────┼─────────┼─────────┼──────────┼────────┼──────┼───────────┼──────────┼──────────┼──────────┼──────────┤
│ 1   │ oracle    │ default     │ 0.1.0   │ fork    │ 2951238  │ 0s     │ 0    │ online    │ 0%       │ 47.1mb   │ hzh      │ disabled │
│ 3   │ oracle    │ default     │ 0.1.0   │ fork    │ 2951250  │ 0s     │ 0    │ online    │ 0%       │ 42.0mb   │ hzh      │ disabled │
│ 5   │ oracle    │ default     │ 0.1.0   │ fork    │ 2951264  │ 0s     │ 0    │ online    │ 0%       │ 35.7mb   │ hzh      │ disabled │
│ 7   │ oracle    │ default     │ 0.1.0   │ fork    │ 2951272  │ 0s     │ 0    │ online    │ 0%       │ 31.3mb   │ hzh      │ disabled │
│ 0   │ www       │ default     │ 0.1.0   │ fork    │ 2951228  │ 0s     │ 0    │ online    │ 0%       │ 49.6mb   │ hzh      │ disabled │
│ 2   │ www       │ default     │ 0.1.0   │ fork    │ 2951239  │ 0s     │ 0    │ online    │ 0%       │ 46.4mb   │ hzh      │ disabled │
│ 4   │ www       │ default     │ 0.1.0   │ fork    │ 2951252  │ 0s     │ 0    │ online    │ 0%       │ 40.8mb   │ hzh      │ disabled │
│ 6   │ www       │ default     │ 0.1.0   │ fork    │ 2951265  │ 0s     │ 0    │ online    │ 0%       │ 35.5mb   │ hzh      │ disabled │
└─────┴───────────┴─────────────┴─────────┴─────────┴──────────┴────────┴──────┴───────────┴──────────┴──────────┴──────────┴──────────┘
[PM2] Starting /home/hzh/mainpro/gateway/fiscogateway/oraclegate1/ethgateway/bin/oracle.js in fork_mode (1 instance)
[PM2] Done.
┌─────┬───────────┬─────────────┬─────────┬─────────┬──────────┬────────┬──────┬───────────┬──────────┬──────────┬──────────┬──────────┐
│ id  │ name      │ namespace   │ version │ mode    │ pid      │ uptime │ ↺    │ status    │ cpu      │ mem      │ user     │ watching │
├─────┼───────────┼─────────────┼─────────┼─────────┼──────────┼────────┼──────┼───────────┼──────────┼──────────┼──────────┼──────────┤
│ 2   │ oracle    │ default     │ 0.1.0   │ fork    │ 3026206  │ 0s     │ 0    │ online    │ 0%       │ 48.2mb   │ hzh      │ disabled │
│ 4   │ oracle    │ default     │ 0.1.0   │ fork    │ 3026226  │ 0s     │ 0    │ online    │ 0%       │ 41.9mb   │ hzh      │ disabled │
│ 5   │ oracle    │ default     │ 0.1.0   │ fork    │ 3026233  │ 0s     │ 0    │ online    │ 0%       │ 40.7mb   │ hzh      │ disabled │
│ 6   │ oracle    │ default     │ 0.1.0   │ fork    │ 3026234  │ 0s     │ 0    │ online    │ 0%       │ 36.2mb   │ hzh      │ disabled │
│ 0   │ www       │ default     │ 0.1.0   │ fork    │ 3026199  │ 0s     │ 0    │ online    │ 0%       │ 49.2mb   │ hzh      │ disabled │
│ 1   │ www       │ default     │ 0.1.0   │ fork    │ 3026200  │ 0s     │ 0    │ online    │ 0%       │ 47.9mb   │ hzh      │ disabled │
│ 3   │ www       │ default     │ 0.1.0   │ fork    │ 3026217  │ 0s     │ 0    │ online    │ 0%       │ 47.1mb   │ hzh      │ disabled │
│ 7   │ www       │ default     │ 0.1.0   │ fork    │ 3026240  │ 0s     │ 0    │ online    │ 0%       │ 36.2mb   │ hzh      │ disabled │
└─────┴───────────┴─────────────┴─────────┴─────────┴──────────┴────────┴──────┴───────────┴──────────┴──────────┴──────────┴──────────┘
[PM2] Starting /home/hzh/mainpro/gateway/fiscogateway/oraclegate1/ethgateway/bin/oracle.js in fork_mode (1 instance)
[PM2] Done.
┌─────┬───────────┬─────────────┬─────────┬─────────┬──────────┬────────┬──────┬───────────┬──────────┬──────────┬──────────┬──────────┐
│ id  │ name      │ namespace   │ version │ mode    │ pid      │ uptime │ ↺    │ status    │ cpu      │ mem      │ user     │ watching │
├─────┼───────────┼─────────────┼─────────┼─────────┼──────────┼────────┼──────┼───────────┼──────────┼──────────┼──────────┼──────────┤
│ 0   │ oracle    │ default     │ 0.1.0   │ fork    │ 3027777  │ 0s     │ 0    │ online    │ 0%       │ 40.7mb   │ hzh      │ disabled │
│ 1   │ oracle    │ default     │ 0.1.0   │ fork    │ 3027778  │ 0s     │ 0    │ online    │ 0%       │ 38.3mb   │ hzh      │ disabled │
└─────┴───────────┴─────────────┴─────────┴─────────┴──────────┴────────┴──────┴───────────┴──────────┴──────────┴──────────┴──────────┘
[PM2] Starting /home/hzh/mainpro/gateway/fiscogateway/oraclegate1/ethgateway/bin/oracle.js in fork_mode (1 instance)
[PM2] Done.
┌─────┬───────────┬─────────────┬─────────┬─────────┬──────────┬────────┬──────┬───────────┬──────────┬──────────┬──────────┬──────────┐
│ id  │ name      │ namespace   │ version │ mode    │ pid      │ uptime │ ↺    │ status    │ cpu      │ mem      │ user     │ watching │
├─────┼───────────┼─────────────┼─────────┼─────────┼──────────┼────────┼──────┼───────────┼──────────┼──────────┼──────────┼──────────┤
│ 2   │ oracle    │ default     │ 0.1.0   │ fork    │ 3358912  │ 0s     │ 0    │ online    │ 0%       │ 32.6mb   │ hzh      │ disabled │
│ 3   │ oracle    │ default     │ 0.1.0   │ fork    │ 3358918  │ 0s     │ 0    │ online    │ 0%       │ 20.8mb   │ hzh      │ disabled │
│ 0   │ www       │ default     │ 0.1.0   │ fork    │ 3358902  │ 0s     │ 0    │ online    │ 0%       │ 42.0mb   │ hzh      │ disabled │
│ 1   │ www       │ default     │ 0.1.0   │ fork    │ 3358910  │ 0s     │ 0    │ online    │ 0%       │ 35.6mb   │ hzh      │ disabled │
└─────┴───────────┴─────────────┴─────────┴─────────┴──────────┴────────┴──────┴───────────┴──────────┴──────────┴──────────┴──────────┘
[PM2][ERROR] Script already launched, add -f option to force re-execution
[PM2] Starting /home/hzh/mainpro/gateway/fiscogateway/oraclegate1/ethgateway/bin/oracle.js in fork_mode (1 instance)
[PM2] Done.
┌─────┬───────────┬─────────────┬─────────┬─────────┬──────────┬────────┬──────┬───────────┬──────────┬──────────┬──────────┬──────────┐
│ id  │ name      │ namespace   │ version │ mode    │ pid      │ uptime │ ↺    │ status    │ cpu      │ mem      │ user     │ watching │
├─────┼───────────┼─────────────┼─────────┼─────────┼──────────┼────────┼──────┼───────────┼──────────┼──────────┼──────────┼──────────┤
│ 2   │ oracle    │ default     │ 0.1.0   │ fork    │ 3365275  │ 0s     │ 0    │ online    │ 0%       │ 38.5mb   │ hzh      │ disabled │
│ 4   │ oracle    │ default     │ 0.1.0   │ fork    │ 3365288  │ 0s     │ 0    │ online    │ 0%       │ 31.0mb   │ hzh      │ disabled │
│ 0   │ www       │ default     │ 0.1.0   │ fork    │ 3365268  │ 0s     │ 0    │ online    │ 0%       │ 41.9mb   │ hzh      │ disabled │
│ 1   │ www       │ default     │ 0.1.0   │ fork    │ 3365269  │ 0s     │ 0    │ online    │ 0%       │ 40.7mb   │ hzh      │ disabled │
│ 3   │ www       │ default     │ 0.1.0   │ fork    │ 3365281  │ 0s     │ 0    │ online    │ 0%       │ 33.9mb   │ hzh      │ disabled │
└─────┴───────────┴─────────────┴─────────┴─────────┴──────────┴────────┴──────┴───────────┴──────────┴──────────┴──────────┴──────────┘
[PM2] Starting /home/hzh/mainpro/gateway/fiscogateway/oraclegate1/ethgateway/bin/oracle.js in fork_mode (1 instance)
[PM2] Done.
┌─────┬───────────┬─────────────┬─────────┬─────────┬──────────┬────────┬──────┬───────────┬──────────┬──────────┬──────────┬──────────┐
│ id  │ name      │ namespace   │ version │ mode    │ pid      │ uptime │ ↺    │ status    │ cpu      │ mem      │ user     │ watching │
├─────┼───────────┼─────────────┼─────────┼─────────┼──────────┼────────┼──────┼───────────┼──────────┼──────────┼──────────┼──────────┤
│ 0   │ oracle    │ default     │ 0.1.0   │ fork    │ 3385548  │ 0s     │ 0    │ online    │ 0%       │ 41.9mb   │ hzh      │ disabled │
│ 1   │ oracle    │ default     │ 0.1.0   │ fork    │ 3385556  │ 0s     │ 0    │ online    │ 0%       │ 35.2mb   │ hzh      │ disabled │
│ 2   │ oracle    │ default     │ 0.1.0   │ fork    │ 3385558  │ 0s     │ 0    │ online    │ 0%       │ 31.5mb   │ hzh      │ disabled │
│ 3   │ oracle    │ default     │ 0.1.0   │ fork    │ 3385564  │ 0s     │ 0    │ online    │ 0%       │ 24.5mb   │ hzh      │ disabled │
└─────┴───────────┴─────────────┴─────────┴─────────┴──────────┴────────┴──────┴───────────┴──────────┴──────────┴──────────┴──────────┘
[PM2] Starting /home/hzh/mainpro/gateway/fiscogateway/oraclegate1/ethgateway/bin/oracle.js in fork_mode (1 instance)
[PM2] Done.
┌─────┬───────────┬─────────────┬─────────┬─────────┬──────────┬────────┬──────┬───────────┬──────────┬──────────┬──────────┬──────────┐
│ id  │ name      │ namespace   │ version │ mode    │ pid      │ uptime │ ↺    │ status    │ cpu      │ mem      │ user     │ watching │
├─────┼───────────┼─────────────┼─────────┼─────────┼──────────┼────────┼──────┼───────────┼──────────┼──────────┼──────────┼──────────┤
│ 5   │ oracle    │ default     │ 0.1.0   │ fork    │ 3386120  │ 2s     │ 0    │ online    │ 105.3%   │ 124.7mb  │ hzh      │ disabled │
│ 19  │ oracle    │ default     │ 0.1.0   │ fork    │ 3386347  │ 1s     │ 0    │ online    │ 110.5%   │ 71.9mb   │ hzh      │ disabled │
│ 23  │ oracle    │ default     │ 0.1.0   │ fork    │ 3386429  │ 0s     │ 0    │ online    │ 0%       │ 46.8mb   │ hzh      │ disabled │
│ 0   │ www       │ default     │ 0.1.0   │ cluster │ 3386031  │ 3s     │ 0    │ online    │ 0%       │ 126.0mb  │ hzh      │ disabled │
│ 1   │ www       │ default     │ 0.1.0   │ cluster │ 3386038  │ 3s     │ 0    │ online    │ 5.3%     │ 126.5mb  │ hzh      │ disabled │
│ 2   │ www       │ default     │ 0.1.0   │ cluster │ 3386049  │ 3s     │ 0    │ online    │ 0%       │ 126.1mb  │ hzh      │ disabled │
│ 3   │ www       │ default     │ 0.1.0   │ cluster │ 3386060  │ 3s     │ 0    │ online    │ 0%       │ 126.1mb  │ hzh      │ disabled │
│ 4   │ www       │ default     │ 0.1.0   │ cluster │ 3386075  │ 3s     │ 0    │ online    │ 0%       │ 128.1mb  │ hzh      │ disabled │
│ 6   │ www       │ default     │ 0.1.0   │ cluster │ 3386128  │ 2s     │ 0    │ online    │ 142.1%   │ 128.9mb  │ hzh      │ disabled │
│ 7   │ www       │ default     │ 0.1.0   │ cluster │ 3386138  │ 2s     │ 0    │ online    │ 126.3%   │ 124.4mb  │ hzh      │ disabled │
│ 8   │ www       │ default     │ 0.1.0   │ cluster │ 3386149  │ 2s     │ 0    │ online    │ 126.3%   │ 127.6mb  │ hzh      │ disabled │
│ 9   │ www       │ default     │ 0.1.0   │ cluster │ 3386170  │ 2s     │ 0    │ online    │ 136.8%   │ 124.4mb  │ hzh      │ disabled │
│ 10  │ www       │ default     │ 0.1.0   │ cluster │ 3386185  │ 2s     │ 0    │ online    │ 110.5%   │ 121.7mb  │ hzh      │ disabled │
│ 11  │ www       │ default     │ 0.1.0   │ cluster │ 3386196  │ 2s     │ 0    │ online    │ 121.1%   │ 117.7mb  │ hzh      │ disabled │
│ 12  │ www       │ default     │ 0.1.0   │ cluster │ 3386215  │ 2s     │ 0    │ online    │ 94.7%    │ 116.0mb  │ hzh      │ disabled │
│ 13  │ www       │ default     │ 0.1.0   │ cluster │ 3386230  │ 2s     │ 0    │ online    │ 105.3%   │ 111.9mb  │ hzh      │ disabled │
│ 14  │ www       │ default     │ 0.1.0   │ cluster │ 3386245  │ 2s     │ 0    │ online    │ 94.7%    │ 109.9mb  │ hzh      │ disabled │
│ 15  │ www       │ default     │ 0.1.0   │ cluster │ 3386256  │ 2s     │ 0    │ online    │ 173.7%   │ 109.9mb  │ hzh      │ disabled │
│ 16  │ www       │ default     │ 0.1.0   │ cluster │ 3386275  │ 2s     │ 0    │ online    │ 157.9%   │ 107.6mb  │ hzh      │ disabled │
│ 17  │ www       │ default     │ 0.1.0   │ cluster │ 3386290  │ 1s     │ 0    │ online    │ 94.7%    │ 99.0mb   │ hzh      │ disabled │
│ 18  │ www       │ default     │ 0.1.0   │ cluster │ 3386341  │ 1s     │ 0    │ online    │ 115.8%   │ 70.1mb   │ hzh      │ disabled │
│ 20  │ www       │ default     │ 0.1.0   │ cluster │ 3386356  │ 1s     │ 0    │ online    │ 105.3%   │ 68.5mb   │ hzh      │ disabled │
│ 21  │ www       │ default     │ 0.1.0   │ cluster │ 3386421  │ 0s     │ 0    │ online    │ 0%       │ 51.1mb   │ hzh      │ disabled │
│ 22  │ www       │ default     │ 0.1.0   │ cluster │ 3386428  │ 0s     │ 0    │ online    │ 0%       │ 42.5mb   │ hzh      │ disabled │
└─────┴───────────┴─────────────┴─────────┴─────────┴──────────┴────────┴──────┴───────────┴──────────┴──────────┴──────────┴──────────┘
[PM2] Starting /home/hzh/mainpro/gateway/fiscogateway/oraclegate1/ethgateway/bin/oracle.js in fork_mode (1 instance)
[PM2] Done.
┌─────┬───────────┬─────────────┬─────────┬─────────┬──────────┬────────┬──────┬───────────┬──────────┬──────────┬──────────┬──────────┐
│ id  │ name      │ namespace   │ version │ mode    │ pid      │ uptime │ ↺    │ status    │ cpu      │ mem      │ user     │ watching │
├─────┼───────────┼─────────────┼─────────┼─────────┼──────────┼────────┼──────┼───────────┼──────────┼──────────┼──────────┼──────────┤
│ 6   │ oracle    │ default     │ 0.1.0   │ fork    │ 3417325  │ 2s     │ 0    │ online    │ 225%     │ 124.1mb  │ hzh      │ disabled │
│ 18  │ oracle    │ default     │ 0.1.0   │ fork    │ 3417546  │ 0s     │ 0    │ online    │ 75%      │ 66.3mb   │ hzh      │ disabled │
│ 21  │ oracle    │ default     │ 0.1.0   │ fork    │ 3417626  │ 0s     │ 0    │ online    │ 0%       │ 32.1mb   │ hzh      │ disabled │
│ 0   │ www       │ default     │ 0.1.0   │ cluster │ 3417235  │ 3s     │ 0    │ online    │ 0%       │ 126.2mb  │ hzh      │ disabled │
│ 1   │ www       │ default     │ 0.1.0   │ cluster │ 3417242  │ 3s     │ 0    │ online    │ 0%       │ 126.3mb  │ hzh      │ disabled │
│ 2   │ www       │ default     │ 0.1.0   │ cluster │ 3417253  │ 3s     │ 0    │ online    │ 0%       │ 127.5mb  │ hzh      │ disabled │
│ 3   │ www       │ default     │ 0.1.0   │ cluster │ 3417264  │ 3s     │ 0    │ online    │ 0%       │ 125.7mb  │ hzh      │ disabled │
│ 4   │ www       │ default     │ 0.1.0   │ cluster │ 3417279  │ 3s     │ 0    │ online    │ 50%      │ 128.2mb  │ hzh      │ disabled │
│ 5   │ www       │ default     │ 0.1.0   │ cluster │ 3417324  │ 2s     │ 0    │ online    │ 237.5%   │ 123.7mb  │ hzh      │ disabled │
│ 7   │ www       │ default     │ 0.1.0   │ cluster │ 3417342  │ 2s     │ 0    │ online    │ 112.5%   │ 125.3mb  │ hzh      │ disabled │
│ 8   │ www       │ default     │ 0.1.0   │ cluster │ 3417353  │ 2s     │ 0    │ online    │ 100%     │ 124.5mb  │ hzh      │ disabled │
│ 9   │ www       │ default     │ 0.1.0   │ cluster │ 3417370  │ 2s     │ 0    │ online    │ 112.5%   │ 121.5mb  │ hzh      │ disabled │
│ 10  │ www       │ default     │ 0.1.0   │ cluster │ 3417389  │ 2s     │ 0    │ online    │ 112.5%   │ 116.9mb  │ hzh      │ disabled │
│ 11  │ www       │ default     │ 0.1.0   │ cluster │ 3417404  │ 2s     │ 0    │ online    │ 87.5%    │ 115.0mb  │ hzh      │ disabled │
│ 12  │ www       │ default     │ 0.1.0   │ cluster │ 3417419  │ 2s     │ 0    │ online    │ 100%     │ 113.2mb  │ hzh      │ disabled │
│ 13  │ www       │ default     │ 0.1.0   │ cluster │ 3417434  │ 2s     │ 0    │ online    │ 100%     │ 108.5mb  │ hzh      │ disabled │
│ 14  │ www       │ default     │ 0.1.0   │ cluster │ 3417450  │ 2s     │ 0    │ online    │ 112.5%   │ 108.2mb  │ hzh      │ disabled │
│ 15  │ www       │ default     │ 0.1.0   │ cluster │ 3417465  │ 1s     │ 0    │ online    │ 150%     │ 105.8mb  │ hzh      │ disabled │
│ 16  │ www       │ default     │ 0.1.0   │ cluster │ 3417480  │ 1s     │ 0    │ online    │ 87.5%    │ 100.0mb  │ hzh      │ disabled │
│ 17  │ www       │ default     │ 0.1.0   │ cluster │ 3417495  │ 1s     │ 0    │ online    │ 87.5%    │ 98.7mb   │ hzh      │ disabled │
│ 19  │ www       │ default     │ 0.1.0   │ cluster │ 3417554  │ 0s     │ 0    │ online    │ 87.5%    │ 65.4mb   │ hzh      │ disabled │
│ 20  │ www       │ default     │ 0.1.0   │ cluster │ 3417564  │ 0s     │ 0    │ online    │ 100%     │ 65.2mb   │ hzh      │ disabled │
│ 22  │ www       │ default     │ N/A     │ cluster │ 3417632  │ 0      │ 0    │ launching │ 0%       │ 0b       │ hzh      │ disabled │
└─────┴───────────┴─────────────┴─────────┴─────────┴──────────┴────────┴──────┴───────────┴──────────┴──────────┴──────────┴──────────┘
[PM2] Starting /home/hzh/mainpro/gateway/fiscogateway/oraclegate1/ethgateway/bin/oracle.js in fork_mode (1 instance)
[PM2] Done.
┌─────┬───────────┬─────────────┬─────────┬─────────┬──────────┬────────┬──────┬───────────┬──────────┬──────────┬──────────┬──────────┐
│ id  │ name      │ namespace   │ version │ mode    │ pid      │ uptime │ ↺    │ status    │ cpu      │ mem      │ user     │ watching │
├─────┼───────────┼─────────────┼─────────┼─────────┼──────────┼────────┼──────┼───────────┼──────────┼──────────┼──────────┼──────────┤
│ 5   │ oracle    │ default     │ 0.1.0   │ fork    │ 3427677  │ 2s     │ 0    │ online    │ 100%     │ 124.1mb  │ hzh      │ disabled │
│ 18  │ oracle    │ default     │ 0.1.0   │ fork    │ 3427893  │ 1s     │ 0    │ online    │ 100%     │ 68.2mb   │ hzh      │ disabled │
│ 21  │ oracle    │ default     │ 0.1.0   │ fork    │ 3428032  │ 0s     │ 0    │ online    │ 0%       │ 34.1mb   │ hzh      │ disabled │
│ 0   │ www       │ default     │ 0.1.0   │ cluster │ 3427582  │ 3s     │ 0    │ online    │ 0%       │ 126.6mb  │ hzh      │ disabled │
│ 1   │ www       │ default     │ 0.1.0   │ cluster │ 3427589  │ 3s     │ 0    │ online    │ 0%       │ 127.8mb  │ hzh      │ disabled │
│ 2   │ www       │ default     │ 0.1.0   │ cluster │ 3427600  │ 3s     │ 0    │ online    │ 0%       │ 126.9mb  │ hzh      │ disabled │
│ 3   │ www       │ default     │ 0.1.0   │ cluster │ 3427611  │ 3s     │ 0    │ online    │ 0%       │ 128.1mb  │ hzh      │ disabled │
│ 4   │ www       │ default     │ 0.1.0   │ cluster │ 3427626  │ 3s     │ 0    │ online    │ 0%       │ 126.5mb  │ hzh      │ disabled │
│ 6   │ www       │ default     │ 0.1.0   │ cluster │ 3427960  │ 0s     │ 1    │ online    │ 112.5%   │ 56.9mb   │ hzh      │ disabled │
│ 7   │ www       │ default     │ 0.1.0   │ cluster │ 3427978  │ 0s     │ 1    │ online    │ 100%     │ 52.1mb   │ hzh      │ disabled │
│ 8   │ www       │ default     │ 0.1.0   │ cluster │ 3427997  │ 0s     │ 1    │ online    │ 100%     │ 48.8mb   │ hzh      │ disabled │
│ 9   │ www       │ default     │ 0.1.0   │ cluster │ 3427989  │ 0s     │ 1    │ online    │ 87.5%    │ 50.7mb   │ hzh      │ disabled │
│ 10  │ www       │ default     │ 0.1.0   │ cluster │ 3428008  │ 0s     │ 1    │ online    │ 0%       │ 48.5mb   │ hzh      │ disabled │
│ 11  │ www       │ default     │ 0.1.0   │ cluster │ 3428021  │ 0s     │ 1    │ online    │ 0%       │ 42.5mb   │ hzh      │ disabled │
│ 12  │ www       │ default     │ 0.1.0   │ cluster │ 3427766  │ 2s     │ 0    │ online    │ 87.5%    │ 110.5mb  │ hzh      │ disabled │
│ 13  │ www       │ default     │ 0.1.0   │ cluster │ 3427781  │ 2s     │ 0    │ online    │ 100%     │ 108.1mb  │ hzh      │ disabled │
│ 14  │ www       │ default     │ 0.1.0   │ cluster │ 3427796  │ 2s     │ 0    │ online    │ 112.5%   │ 107.7mb  │ hzh      │ disabled │
│ 15  │ www       │ default     │ 0.1.0   │ cluster │ 3427811  │ 1s     │ 0    │ online    │ 200%     │ 107.3mb  │ hzh      │ disabled │
│ 16  │ www       │ default     │ 0.1.0   │ cluster │ 3427832  │ 1s     │ 0    │ online    │ 137.5%   │ 102.2mb  │ hzh      │ disabled │
│ 17  │ www       │ default     │ 0.1.0   │ cluster │ 3427847  │ 1s     │ 0    │ online    │ 100%     │ 98.9mb   │ hzh      │ disabled │
│ 19  │ www       │ default     │ 0.1.0   │ cluster │ 3427902  │ 0s     │ 0    │ online    │ 100%     │ 67.2mb   │ hzh      │ disabled │
│ 20  │ www       │ default     │ 0.1.0   │ cluster │ 3427917  │ 0s     │ 0    │ online    │ 100%     │ 64.3mb   │ hzh      │ disabled │
│ 22  │ www       │ default     │ N/A     │ cluster │ 3428031  │ 0      │ 0    │ launching │ 0%       │ 0b       │ hzh      │ disabled │
└─────┴───────────┴─────────────┴─────────┴─────────┴──────────┴────────┴──────┴───────────┴──────────┴──────────┴──────────┴──────────┘
[PM2] Starting /home/hzh/mainpro/gateway/fiscogateway/oraclegate1/ethgateway/bin/oracle.js in fork_mode (1 instance)
[PM2] Done.
┌─────┬───────────┬─────────────┬─────────┬─────────┬──────────┬────────┬──────┬───────────┬──────────┬──────────┬──────────┬──────────┐
│ id  │ name      │ namespace   │ version │ mode    │ pid      │ uptime │ ↺    │ status    │ cpu      │ mem      │ user     │ watching │
├─────┼───────────┼─────────────┼─────────┼─────────┼──────────┼────────┼──────┼───────────┼──────────┼──────────┼──────────┼──────────┤
│ 6   │ oracle    │ default     │ 0.1.0   │ fork    │ 3444209  │ 2s     │ 0    │ online    │ 200%     │ 123.9mb  │ hzh      │ disabled │
│ 21  │ oracle    │ default     │ 0.1.0   │ fork    │ 3444544  │ 0s     │ 0    │ online    │ 0%       │ 40.4mb   │ hzh      │ disabled │
│ 0   │ www       │ default     │ 0.1.0   │ cluster │ 3444113  │ 3s     │ 0    │ online    │ 0%       │ 126.8mb  │ hzh      │ disabled │
│ 1   │ www       │ default     │ 0.1.0   │ cluster │ 3444120  │ 3s     │ 0    │ online    │ 0%       │ 126.5mb  │ hzh      │ disabled │
│ 2   │ www       │ default     │ 0.1.0   │ cluster │ 3444131  │ 3s     │ 0    │ online    │ 0%       │ 126.2mb  │ hzh      │ disabled │
│ 3   │ www       │ default     │ 0.1.0   │ cluster │ 3444142  │ 3s     │ 0    │ online    │ 0%       │ 128.0mb  │ hzh      │ disabled │
│ 4   │ www       │ default     │ 0.1.0   │ cluster │ 3444153  │ 3s     │ 0    │ online    │ 0%       │ 125.7mb  │ hzh      │ disabled │
│ 5   │ www       │ default     │ 0.1.0   │ cluster │ 3444476  │ 0s     │ 1    │ online    │ 114.3%   │ 58.1mb   │ hzh      │ disabled │
│ 7   │ www       │ default     │ 0.1.0   │ cluster │ 3444489  │ 0s     │ 1    │ online    │ 121.4%   │ 53.9mb   │ hzh      │ disabled │
│ 8   │ www       │ default     │ 0.1.0   │ cluster │ 3444496  │ 0s     │ 1    │ online    │ 114.3%   │ 53.7mb   │ hzh      │ disabled │
│ 9   │ www       │ default     │ 0.1.0   │ cluster │ 3444509  │ 0s     │ 1    │ online    │ 114.3%   │ 49.9mb   │ hzh      │ disabled │
│ 10  │ www       │ default     │ 0.1.0   │ cluster │ 3444517  │ 0s     │ 1    │ online    │ 0%       │ 50.0mb   │ hzh      │ disabled │
│ 11  │ www       │ default     │ 0.1.0   │ cluster │ 3444537  │ 0s     │ 1    │ online    │ 0%       │ 0b       │ hzh      │ disabled │
│ 12  │ www       │ default     │ 0.1.0   │ cluster │ 3444294  │ 0      │ 1    │ stopped   │ 0%       │ 0b       │ hzh      │ disabled │
│ 13  │ www       │ default     │ 0.1.0   │ cluster │ 3444313  │ 2s     │ 0    │ online    │ 92.9%    │ 110.7mb  │ hzh      │ disabled │
│ 14  │ www       │ default     │ 0.1.0   │ cluster │ 3444326  │ 2s     │ 0    │ online    │ 128.6%   │ 108.4mb  │ hzh      │ disabled │
│ 15  │ www       │ default     │ 0.1.0   │ cluster │ 3444343  │ 1s     │ 0    │ online    │ 142.9%   │ 107.6mb  │ hzh      │ disabled │
│ 16  │ www       │ default     │ 0.1.0   │ cluster │ 3444358  │ 1s     │ 0    │ online    │ 164.3%   │ 106.6mb  │ hzh      │ disabled │
│ 17  │ www       │ default     │ 0.1.0   │ cluster │ 3444379  │ 1s     │ 0    │ online    │ 135.7%   │ 102.5mb  │ hzh      │ disabled │
│ 18  │ www       │ default     │ 0.1.0   │ cluster │ 3444417  │ 1s     │ 0    │ online    │ 135.7%   │ 69.2mb   │ hzh      │ disabled │
│ 19  │ www       │ default     │ 0.1.0   │ cluster │ 3444424  │ 0s     │ 0    │ online    │ 100%     │ 66.7mb   │ hzh      │ disabled │
│ 20  │ www       │ default     │ 0.1.0   │ cluster │ 3444528  │ 0s     │ 0    │ online    │ 0%       │ 47.7mb   │ hzh      │ disabled │
│ 22  │ www       │ default     │ N/A     │ cluster │ 3444554  │ 0      │ 0    │ launching │ 0%       │ 0b       │ hzh      │ disabled │
└─────┴───────────┴─────────────┴─────────┴─────────┴──────────┴────────┴──────┴───────────┴──────────┴──────────┴──────────┴──────────┘
[PM2] Starting /home/hzh/mainpro/gateway/fiscogateway/oraclegate1/ethgateway/bin/oracle.js in fork_mode (1 instance)
[PM2] Done.
┌─────┬───────────┬─────────────┬─────────┬─────────┬──────────┬────────┬──────┬───────────┬──────────┬──────────┬──────────┬──────────┐
│ id  │ name      │ namespace   │ version │ mode    │ pid      │ uptime │ ↺    │ status    │ cpu      │ mem      │ user     │ watching │
├─────┼───────────┼─────────────┼─────────┼─────────┼──────────┼────────┼──────┼───────────┼──────────┼──────────┼──────────┼──────────┤
│ 6   │ oracle    │ default     │ 0.1.0   │ fork    │ 3458812  │ 2s     │ 0    │ online    │ 200%     │ 124.8mb  │ hzh      │ disabled │
│ 21  │ oracle    │ default     │ 0.1.0   │ fork    │ 3459089  │ 0s     │ 0    │ online    │ 0%       │ 30.5mb   │ hzh      │ disabled │
│ 0   │ www       │ default     │ 0.1.0   │ cluster │ 3458715  │ 3s     │ 0    │ online    │ 0%       │ 127.2mb  │ hzh      │ disabled │
│ 1   │ www       │ default     │ 0.1.0   │ cluster │ 3458722  │ 3s     │ 0    │ online    │ 0%       │ 126.9mb  │ hzh      │ disabled │
│ 2   │ www       │ default     │ 0.1.0   │ cluster │ 3458733  │ 3s     │ 0    │ online    │ 0%       │ 126.6mb  │ hzh      │ disabled │
│ 3   │ www       │ default     │ 0.1.0   │ cluster │ 3458744  │ 2s     │ 0    │ online    │ 0%       │ 127.3mb  │ hzh      │ disabled │
│ 4   │ www       │ default     │ 0.1.0   │ cluster │ 3458759  │ 2s     │ 0    │ online    │ 0%       │ 126.4mb  │ hzh      │ disabled │
│ 5   │ www       │ default     │ 0.1.0   │ cluster │ 3458804  │ 2s     │ 0    │ online    │ 180%     │ 124.7mb  │ hzh      │ disabled │
│ 7   │ www       │ default     │ 0.1.0   │ cluster │ 3458811  │ 2s     │ 0    │ online    │ 100%     │ 121.9mb  │ hzh      │ disabled │
│ 8   │ www       │ default     │ 0.1.0   │ cluster │ 3458829  │ 2s     │ 0    │ online    │ 160%     │ 119.4mb  │ hzh      │ disabled │
│ 9   │ www       │ default     │ 0.1.0   │ cluster │ 3458848  │ 2s     │ 0    │ online    │ 160%     │ 116.8mb  │ hzh      │ disabled │
│ 10  │ www       │ default     │ 0.1.0   │ cluster │ 3458865  │ 2s     │ 0    │ online    │ 100%     │ 112.3mb  │ hzh      │ disabled │
│ 11  │ www       │ default     │ 0.1.0   │ cluster │ 3458884  │ 2s     │ 0    │ online    │ 120%     │ 107.9mb  │ hzh      │ disabled │
│ 12  │ www       │ default     │ 0.1.0   │ cluster │ 3458899  │ 2s     │ 0    │ online    │ 120%     │ 108.3mb  │ hzh      │ disabled │
│ 13  │ www       │ default     │ 0.1.0   │ cluster │ 3458914  │ 1s     │ 0    │ online    │ 120%     │ 108.1mb  │ hzh      │ disabled │
│ 14  │ www       │ default     │ 0.1.0   │ cluster │ 3458929  │ 1s     │ 0    │ online    │ 160%     │ 107.1mb  │ hzh      │ disabled │
│ 15  │ www       │ default     │ 0.1.0   │ cluster │ 3458940  │ 1s     │ 0    │ online    │ 180%     │ 101.0mb  │ hzh      │ disabled │
│ 16  │ www       │ default     │ 0.1.0   │ cluster │ 3458959  │ 1s     │ 0    │ online    │ 120%     │ 97.9mb   │ hzh      │ disabled │
│ 17  │ www       │ default     │ 0.1.0   │ cluster │ 3458974  │ 1s     │ 0    │ online    │ 120%     │ 89.5mb   │ hzh      │ disabled │
│ 18  │ www       │ default     │ 0.1.0   │ cluster │ 3459018  │ 0s     │ 0    │ online    │ 120%     │ 66.6mb   │ hzh      │ disabled │
│ 19  │ www       │ default     │ 0.1.0   │ cluster │ 3459025  │ 0s     │ 0    │ online    │ 120%     │ 64.1mb   │ hzh      │ disabled │
│ 20  │ www       │ default     │ N/A     │ cluster │ 3459083  │ 0      │ 0    │ launching │ 0%       │ 0b       │ hzh      │ disabled │
└─────┴───────────┴─────────────┴─────────┴─────────┴──────────┴────────┴──────┴───────────┴──────────┴──────────┴──────────┴──────────┘
[PM2][ERROR] Script already launched, add -f option to force re-execution
[PM2] Starting /home/hzh/mainpro/gateway/fiscogateway/oraclegate1/ethgateway/bin/oracle.js in fork_mode (1 instance)
[PM2] Done.
┌─────┬───────────┬─────────────┬─────────┬─────────┬──────────┬────────┬──────┬───────────┬──────────┬──────────┬──────────┬──────────┐
│ id  │ name      │ namespace   │ version │ mode    │ pid      │ uptime │ ↺    │ status    │ cpu      │ mem      │ user     │ watching │
├─────┼───────────┼─────────────┼─────────┼─────────┼──────────┼────────┼──────┼───────────┼──────────┼──────────┼──────────┼──────────┤
│ 6   │ oracle    │ default     │ 0.1.0   │ fork    │ 3507890  │ 2s     │ 0    │ online    │ 120%     │ 125.0mb  │ hzh      │ disabled │
│ 20  │ oracle    │ default     │ 0.1.0   │ fork    │ 3508163  │ 0s     │ 0    │ online    │ 0%       │ 32.8mb   │ hzh      │ disabled │
│ 0   │ www       │ default     │ 0.1.0   │ cluster │ 3507794  │ 3s     │ 0    │ online    │ 0%       │ 126.6mb  │ hzh      │ disabled │
│ 1   │ www       │ default     │ 0.1.0   │ cluster │ 3507801  │ 3s     │ 0    │ online    │ 0%       │ 126.8mb  │ hzh      │ disabled │
│ 2   │ www       │ default     │ 0.1.0   │ cluster │ 3507812  │ 3s     │ 0    │ online    │ 0%       │ 127.1mb  │ hzh      │ disabled │
│ 3   │ www       │ default     │ 0.1.0   │ cluster │ 3507823  │ 3s     │ 0    │ online    │ 0%       │ 126.1mb  │ hzh      │ disabled │
│ 4   │ www       │ default     │ 0.1.0   │ cluster │ 3507834  │ 2s     │ 0    │ online    │ 0%       │ 126.4mb  │ hzh      │ disabled │
│ 5   │ www       │ default     │ 0.1.0   │ cluster │ 3507889  │ 2s     │ 0    │ online    │ 200%     │ 123.8mb  │ hzh      │ disabled │
│ 7   │ www       │ default     │ 0.1.0   │ cluster │ 3507908  │ 2s     │ 0    │ online    │ 80%      │ 124.5mb  │ hzh      │ disabled │
│ 8   │ www       │ default     │ 0.1.0   │ cluster │ 3507919  │ 2s     │ 0    │ online    │ 100%     │ 122.6mb  │ hzh      │ disabled │
│ 9   │ www       │ default     │ 0.1.0   │ cluster │ 3507930  │ 2s     │ 0    │ online    │ 140%     │ 117.4mb  │ hzh      │ disabled │
│ 10  │ www       │ default     │ 0.1.0   │ cluster │ 3507949  │ 2s     │ 0    │ online    │ 100%     │ 113.9mb  │ hzh      │ disabled │
│ 11  │ www       │ default     │ 0.1.0   │ cluster │ 3507964  │ 2s     │ 0    │ online    │ 100%     │ 112.0mb  │ hzh      │ disabled │
│ 12  │ www       │ default     │ 0.1.0   │ cluster │ 3507979  │ 2s     │ 0    │ online    │ 100%     │ 108.2mb  │ hzh      │ disabled │
│ 13  │ www       │ default     │ 0.1.0   │ cluster │ 3507994  │ 2s     │ 0    │ online    │ 120%     │ 107.9mb  │ hzh      │ disabled │
│ 14  │ www       │ default     │ 0.1.0   │ cluster │ 3508009  │ 1s     │ 0    │ online    │ 160%     │ 104.5mb  │ hzh      │ disabled │
│ 15  │ www       │ default     │ 0.1.0   │ cluster │ 3508024  │ 1s     │ 0    │ online    │ 200%     │ 110.8mb  │ hzh      │ disabled │
│ 16  │ www       │ default     │ 0.1.0   │ cluster │ 3508039  │ 1s     │ 0    │ online    │ 100%     │ 98.4mb   │ hzh      │ disabled │
│ 17  │ www       │ default     │ 0.1.0   │ cluster │ 3508054  │ 1s     │ 0    │ online    │ 80%      │ 98.4mb   │ hzh      │ disabled │
│ 18  │ www       │ default     │ 0.1.0   │ cluster │ 3508098  │ 0s     │ 0    │ online    │ 100%     │ 64.8mb   │ hzh      │ disabled │
│ 19  │ www       │ default     │ 0.1.0   │ cluster │ 3508105  │ 0s     │ 0    │ online    │ 100%     │ 64.2mb   │ hzh      │ disabled │
│ 21  │ www       │ default     │ N/A     │ cluster │ 3508169  │ 0      │ 0    │ launching │ 0%       │ 0b       │ hzh      │ disabled │
└─────┴───────────┴─────────────┴─────────┴─────────┴──────────┴────────┴──────┴───────────┴──────────┴──────────┴──────────┴──────────┘
[PM2] Starting /home/hzh/mainpro/gateway/fiscogateway/oraclegate1/ethgateway/bin/oracle.js in fork_mode (1 instance)
[PM2] Done.
┌─────┬───────────┬─────────────┬─────────┬─────────┬──────────┬────────┬──────┬───────────┬──────────┬──────────┬──────────┬──────────┐
│ id  │ name      │ namespace   │ version │ mode    │ pid      │ uptime │ ↺    │ status    │ cpu      │ mem      │ user     │ watching │
├─────┼───────────┼─────────────┼─────────┼─────────┼──────────┼────────┼──────┼───────────┼──────────┼──────────┼──────────┼──────────┤
│ 16  │ oracle    │ default     │ 0.1.0   │ fork    │ 3642147  │ 4s     │ 0    │ online    │ 0%       │ 125.8mb  │ hzh      │ disabled │
│ 41  │ oracle    │ default     │ 0.1.0   │ fork    │ 3642670  │ 0s     │ 0    │ online    │ 0%       │ 35.9mb   │ hzh      │ disabled │
│ 0   │ www       │ default     │ 0.1.0   │ cluster │ 3641880  │ 6s     │ 0    │ online    │ 0%       │ 126.3mb  │ hzh      │ disabled │
│ 1   │ www       │ default     │ 0.1.0   │ cluster │ 3641887  │ 6s     │ 0    │ online    │ 0%       │ 127.4mb  │ hzh      │ disabled │
│ 2   │ www       │ default     │ 0.1.0   │ cluster │ 3641898  │ 6s     │ 0    │ online    │ 0%       │ 126.3mb  │ hzh      │ disabled │
│ 3   │ www       │ default     │ 0.1.0   │ cluster │ 3641909  │ 6s     │ 0    │ online    │ 0%       │ 126.9mb  │ hzh      │ disabled │
│ 4   │ www       │ default     │ 0.1.0   │ cluster │ 3641924  │ 6s     │ 0    │ online    │ 0%       │ 125.8mb  │ hzh      │ disabled │
│ 5   │ www       │ default     │ 0.1.0   │ cluster │ 3641945  │ 6s     │ 0    │ online    │ 0%       │ 127.3mb  │ hzh      │ disabled │
│ 6   │ www       │ default     │ 0.1.0   │ cluster │ 3641960  │ 6s     │ 0    │ online    │ 0%       │ 126.1mb  │ hzh      │ disabled │
│ 7   │ www       │ default     │ 0.1.0   │ cluster │ 3641975  │ 6s     │ 0    │ online    │ 0%       │ 127.3mb  │ hzh      │ disabled │
│ 8   │ www       │ default     │ 0.1.0   │ cluster │ 3641990  │ 6s     │ 0    │ online    │ 0%       │ 126.2mb  │ hzh      │ disabled │
│ 9   │ www       │ default     │ 0.1.0   │ cluster │ 3642005  │ 5s     │ 0    │ online    │ 0%       │ 127.7mb  │ hzh      │ disabled │
│ 10  │ www       │ default     │ 0.1.0   │ cluster │ 3642020  │ 5s     │ 0    │ online    │ 0%       │ 125.8mb  │ hzh      │ disabled │
│ 11  │ www       │ default     │ 0.1.0   │ cluster │ 3642036  │ 5s     │ 0    │ online    │ 0%       │ 126.3mb  │ hzh      │ disabled │
│ 12  │ www       │ default     │ 0.1.0   │ cluster │ 3642051  │ 5s     │ 0    │ online    │ 0%       │ 126.3mb  │ hzh      │ disabled │
│ 13  │ www       │ default     │ 0.1.0   │ cluster │ 3642066  │ 5s     │ 0    │ online    │ 0%       │ 126.0mb  │ hzh      │ disabled │
│ 14  │ www       │ default     │ 0.1.0   │ cluster │ 3642081  │ 5s     │ 0    │ online    │ 0%       │ 126.3mb  │ hzh      │ disabled │
│ 15  │ www       │ default     │ 0.1.0   │ cluster │ 3642096  │ 5s     │ 0    │ online    │ 0%       │ 126.2mb  │ hzh      │ disabled │
│ 17  │ www       │ default     │ 0.1.0   │ cluster │ 3642155  │ 4s     │ 0    │ online    │ 0%       │ 126.1mb  │ hzh      │ disabled │
│ 18  │ www       │ default     │ 0.1.0   │ cluster │ 3642165  │ 4s     │ 0    │ online    │ 0%       │ 126.3mb  │ hzh      │ disabled │
│ 19  │ www       │ default     │ 0.1.0   │ cluster │ 3642176  │ 4s     │ 0    │ online    │ 0%       │ 127.4mb  │ hzh      │ disabled │
│ 20  │ www       │ default     │ 0.1.0   │ cluster │ 3642191  │ 4s     │ 0    │ online    │ 0%       │ 126.9mb  │ hzh      │ disabled │
│ 21  │ www       │ default     │ 0.1.0   │ cluster │ 3642206  │ 4s     │ 0    │ online    │ 0%       │ 127.6mb  │ hzh      │ disabled │
│ 22  │ www       │ default     │ 0.1.0   │ cluster │ 3642221  │ 4s     │ 0    │ online    │ 0%       │ 127.4mb  │ hzh      │ disabled │
│ 23  │ www       │ default     │ 0.1.0   │ cluster │ 3642242  │ 4s     │ 0    │ online    │ 0%       │ 126.5mb  │ hzh      │ disabled │
│ 24  │ www       │ default     │ 0.1.0   │ cluster │ 3642257  │ 3s     │ 0    │ online    │ 0%       │ 126.1mb  │ hzh      │ disabled │
│ 25  │ www       │ default     │ 0.1.0   │ cluster │ 3642277  │ 3s     │ 0    │ online    │ 0%       │ 127.4mb  │ hzh      │ disabled │
│ 26  │ www       │ default     │ 0.1.0   │ cluster │ 3642297  │ 3s     │ 0    │ online    │ 0%       │ 128.1mb  │ hzh      │ disabled │
│ 27  │ www       │ default     │ 0.1.0   │ cluster │ 3642314  │ 3s     │ 0    │ online    │ 0%       │ 125.9mb  │ hzh      │ disabled │
│ 28  │ www       │ default     │ 0.1.0   │ cluster │ 3642333  │ 3s     │ 0    │ online    │ 0%       │ 126.4mb  │ hzh      │ disabled │
│ 29  │ www       │ default     │ 0.1.0   │ cluster │ 3642355  │ 3s     │ 0    │ online    │ 233.3%   │ 126.4mb  │ hzh      │ disabled │
│ 30  │ www       │ default     │ 0.1.0   │ cluster │ 3642380  │ 2s     │ 0    │ online    │ 66.7%    │ 125.2mb  │ hzh      │ disabled │
│ 31  │ www       │ default     │ 0.1.0   │ cluster │ 3642400  │ 2s     │ 0    │ online    │ 133.3%   │ 125.2mb  │ hzh      │ disabled │
│ 32  │ www       │ default     │ 0.1.0   │ cluster │ 3642417  │ 2s     │ 0    │ online    │ 133.3%   │ 124.0mb  │ hzh      │ disabled │
│ 33  │ www       │ default     │ 0.1.0   │ cluster │ 3642475  │ 1s     │ 0    │ online    │ 133.3%   │ 107.9mb  │ hzh      │ disabled │
│ 34  │ www       │ default     │ 0.1.0   │ cluster │ 3642482  │ 1s     │ 0    │ online    │ 166.7%   │ 107.1mb  │ hzh      │ disabled │
│ 35  │ www       │ default     │ 0.1.0   │ cluster │ 3642493  │ 1s     │ 0    │ online    │ 266.7%   │ 104.8mb  │ hzh      │ disabled │
│ 36  │ www       │ default     │ 0.1.0   │ cluster │ 3642505  │ 1s     │ 0    │ online    │ 300%     │ 104.3mb  │ hzh      │ disabled │
│ 37  │ www       │ default     │ 0.1.0   │ cluster │ 3642524  │ 1s     │ 0    │ online    │ 166.7%   │ 96.5mb   │ hzh      │ disabled │
│ 38  │ www       │ default     │ 0.1.0   │ cluster │ 3642547  │ 1s     │ 0    │ online    │ 133.3%   │ 96.9mb   │ hzh      │ disabled │
│ 39  │ www       │ default     │ 0.1.0   │ cluster │ 3642562  │ 1s     │ 0    │ online    │ 100%     │ 85.2mb   │ hzh      │ disabled │
│ 40  │ www       │ default     │ 0.1.0   │ cluster │ 3642578  │ 1s     │ 0    │ online    │ 200%     │ 84.6mb   │ hzh      │ disabled │
└─────┴───────────┴─────────────┴─────────┴─────────┴──────────┴────────┴──────┴───────────┴──────────┴──────────┴──────────┴──────────┘
